{"total": {"lines":{"total":77,"covered":0,"skipped":0,"pct":0},"statements":{"total":85,"covered":0,"skipped":0,"pct":0},"functions":{"total":21,"covered":0,"skipped":0,"pct":0},"branches":{"total":40,"covered":0,"skipped":0,"pct":0},"branchesTrue":{"total":0,"covered":0,"skipped":0,"pct":"Unknown"}}
,"C:\\Users\\Rodrigo Vera\\Desktop\\Proyectos\\1. Prueba (Agents)\\script.js": {"lines":{"total":77,"covered":0,"skipped":0,"pct":0},"functions":{"total":21,"covered":0,"skipped":0,"pct":0},"statements":{"total":85,"covered":0,"skipped":0,"pct":0},"branches":{"total":40,"covered":0,"skipped":0,"pct":0}}
}
